----------------------------------------------------------------
Sat Aug 28 13:52:44 CEST 2021:
Booting Derby version The Apache Software Foundation - Apache Derby - 10.14.2.0 - (1828579): instance a816c00e-017b-8c9a-db72-000004b5f3a0 
on database directory memory:C:\Users\gerik\Desktop\Production\service-manager\89e09111-9373-49ba-8c12-e9c1d45e0bf0 with class loader sun.misc.Launcher$AppClassLoader@18b4aac2 
Loaded from file:/C:/Program%20Files/Java/jdk1.8.0_281/lib/derby.jar
java.vendor=Oracle Corporation
java.runtime.version=1.8.0_271-b09
user.dir=C:\Users\gerik\Desktop\Production\service-manager
os.name=Windows 10
os.arch=amd64
os.version=10.0
derby.system.home=null
Database Class Loader started - derby.database.classpath=''
----------------------------------------------------------------
Sat Aug 28 13:55:39 CEST 2021:
Shutting down instance a816c00e-017b-8c9a-db72-000004b5f3a0 on database directory memory:C:\Users\gerik\Desktop\Production\service-manager\89e09111-9373-49ba-8c12-e9c1d45e0bf0 with class loader sun.misc.Launcher$AppClassLoader@18b4aac2 
----------------------------------------------------------------
Sat Aug 28 13:55:40 CEST 2021:
Booting Derby version The Apache Software Foundation - Apache Derby - 10.14.2.0 - (1828579): instance 176240b2-017b-8c9a-db72-000004b5f3a0 
on database directory memory:C:\Users\gerik\Desktop\Production\service-manager\45079ee4-19b3-42d4-9dee-31c0ab82a1a4 with class loader sun.misc.Launcher$AppClassLoader@18b4aac2 
Loaded from file:/C:/Program%20Files/Java/jdk1.8.0_281/lib/derby.jar
java.vendor=Oracle Corporation
java.runtime.version=1.8.0_271-b09
user.dir=C:\Users\gerik\Desktop\Production\service-manager
os.name=Windows 10
os.arch=amd64
os.version=10.0
derby.system.home=null
Database Class Loader started - derby.database.classpath=''
----------------------------------------------------------------
Sat Aug 28 13:58:04 CEST 2021:
Shutting down instance 176240b2-017b-8c9a-db72-000004b5f3a0 on database directory memory:C:\Users\gerik\Desktop\Production\service-manager\45079ee4-19b3-42d4-9dee-31c0ab82a1a4 with class loader sun.misc.Launcher$AppClassLoader@18b4aac2 
----------------------------------------------------------------
Sat Aug 28 13:58:05 CEST 2021:
Booting Derby version The Apache Software Foundation - Apache Derby - 10.14.2.0 - (1828579): instance a0f1c156-017b-8c9a-db72-000004b5f3a0 
on database directory memory:C:\Users\gerik\Desktop\Production\service-manager\ada2c3b9-ab7f-4ffb-84e3-aedee5b346a1 with class loader sun.misc.Launcher$AppClassLoader@18b4aac2 
Loaded from file:/C:/Program%20Files/Java/jdk1.8.0_281/lib/derby.jar
java.vendor=Oracle Corporation
java.runtime.version=1.8.0_271-b09
user.dir=C:\Users\gerik\Desktop\Production\service-manager
os.name=Windows 10
os.arch=amd64
os.version=10.0
derby.system.home=null
Database Class Loader started - derby.database.classpath=''
----------------------------------------------------------------
Sat Aug 28 13:58:51 CEST 2021:
Shutting down instance a0f1c156-017b-8c9a-db72-000004b5f3a0 on database directory memory:C:\Users\gerik\Desktop\Production\service-manager\ada2c3b9-ab7f-4ffb-84e3-aedee5b346a1 with class loader sun.misc.Launcher$AppClassLoader@18b4aac2 
----------------------------------------------------------------
Sat Aug 28 13:58:52 CEST 2021:
Booting Derby version The Apache Software Foundation - Apache Derby - 10.14.2.0 - (1828579): instance 44c541fa-017b-8c9a-db72-000004b5f3a0 
on database directory memory:C:\Users\gerik\Desktop\Production\service-manager\b47d3b58-2e23-40bc-9cd8-1cb7df533cd1 with class loader sun.misc.Launcher$AppClassLoader@18b4aac2 
Loaded from file:/C:/Program%20Files/Java/jdk1.8.0_281/lib/derby.jar
java.vendor=Oracle Corporation
java.runtime.version=1.8.0_271-b09
user.dir=C:\Users\gerik\Desktop\Production\service-manager
os.name=Windows 10
os.arch=amd64
os.version=10.0
derby.system.home=null
Database Class Loader started - derby.database.classpath=''
